<?xml version="1.0" encoding="UTF-8"?>
<!-- Generated by org.testng.reporters.JUnitXMLReporter -->
<testsuite ignored="3" hostname="DESKTOP-GS40TH6" failures="0" tests="2" name="Test" time="0.078" errors="0" timestamp="2021-10-05T12:07:10 IST">
  <testcase classname="testNGdemo.Tests_03" name="Amazon" time="0.01"/>
  <testcase classname="testNGdemo.Tests_05" name="meesho" time="0.001"/>
  <testcase classname="testNGdemo.Tests_01$Tests_02" name="Myntra" time="0.0">
    <ignored/>
  </testcase> <!-- Myntra -->
  <testcase classname="testNGdemo.Tests_02" name="Flipkart" time="0.0">
    <ignored/>
  </testcase> <!-- Flipkart -->
  <testcase classname="testNGdemo.Tests_04" name="ajio" time="0.0">
    <ignored/>
  </testcase> <!-- ajio -->
</testsuite> <!-- Test -->
