<?xml version="1.0" encoding="UTF-8"?>
<testng-results ignored="3" total="5" passed="2" failed="0" skipped="0">
  <reporter-output>
    <line>
      <![CDATA[from amazon]]>
    </line>
    <line>
      <![CDATA[from meesho]]>
    </line>
  </reporter-output>
  <suite started-at="2021-10-05T12:07:10 IST" name="Suite" finished-at="2021-10-05T12:07:10 IST" duration-ms="78">
    <groups>
      <group name="smoke">
        <method signature="Tests_03.Amazon()[pri:0, instance:testNGdemo.Tests_03@1f0f1111]" name="Amazon" class="testNGdemo.Tests_03"/>
        <method signature="Tests_05.meesho()[pri:0, instance:testNGdemo.Tests_05@56528192]" name="meesho" class="testNGdemo.Tests_05"/>
      </group> <!-- smoke -->
    </groups>
    <test started-at="2021-10-05T12:07:10 IST" name="Test" finished-at="2021-10-05T12:07:10 IST" duration-ms="78">
      <class name="testNGdemo.Tests_03">
        <test-method signature="Amazon()[pri:0, instance:testNGdemo.Tests_03@1f0f1111]" started-at="2021-10-05T12:07:10 IST" name="Amazon" finished-at="2021-10-05T12:07:10 IST" duration-ms="10" status="PASS">
          <reporter-output>
            <line>
              <![CDATA[from amazon]]>
            </line>
          </reporter-output>
        </test-method> <!-- Amazon -->
      </class> <!-- testNGdemo.Tests_03 -->
      <class name="testNGdemo.Tests_05">
        <test-method signature="meesho()[pri:0, instance:testNGdemo.Tests_05@56528192]" started-at="2021-10-05T12:07:10 IST" name="meesho" finished-at="2021-10-05T12:07:10 IST" duration-ms="1" status="PASS">
          <reporter-output>
            <line>
              <![CDATA[from meesho]]>
            </line>
          </reporter-output>
        </test-method> <!-- meesho -->
      </class> <!-- testNGdemo.Tests_05 -->
    </test> <!-- Test -->
  </suite> <!-- Suite -->
</testng-results>
